<?xml version="1.0" encoding="utf-8" standalone="no"?>
<!--This file represents the results of running a test suite-->
<test-results name="C:\Dev\CodeBase\CQRSEventSourcingSample\Sample.Specifications\Sample.Specifications.csproj" total="1" errors="0" failures="1" not-run="0" inconclusive="0" ignored="0" skipped="0" invalid="0" date="2011-05-11" time="08:00:15">
  <environment nunit-version="2.5.7.10213" clr-version="2.0.50727.3620" os-version="Microsoft Windows NT 5.2.3790 Service Pack 2" platform="Win32NT" cwd="C:\Dev\CodeBase\CQRSEventSourcingSample\Sample.Specifications" machine-name="NETBOOK" user="james" user-domain="UK" />
  <culture-info current-culture="en-US" current-uiculture="en-US" />
  <test-suite type="Project" name="C:\Dev\CodeBase\CQRSEventSourcingSample\Sample.Specifications\Sample.Specifications.csproj" executed="True" result="Failure" success="False" time="250.313" asserts="0">
    <results>
      <test-suite type="Assembly" name="C:\Dev\CodeBase\CQRSEventSourcingSample\Sample.Specifications\bin\Debug\Sample.Specifications.dll" executed="True" result="Failure" success="False" time="250.313" asserts="0">
        <results>
          <test-suite type="Namespace" name="Sample" executed="True" result="Failure" success="False" time="250.313" asserts="0">
            <results>
              <test-suite type="Namespace" name="Specifications" executed="True" result="Failure" success="False" time="250.281" asserts="0">
                <results>
                  <test-suite type="TestFixture" name="FirstPersonUseCase" executed="True" result="Failure" success="False" time="250.047" asserts="0">
                    <results>
                      <test-case name="Sample.Specifications.FirstPersonUseCase.Then_the_address_should_be_at_blockstone_road" executed="True" result="Failure" success="False" time="240.766" asserts="1">
                        <failure>
                          <message><![CDATA[  There was 1 event expected but there was 0 Events.
  Expected: True
  But was:  False
]]></message>
                          <stack-trace><![CDATA[at Sample.Specifications.FirstPersonUseCase.Then_the_address_should_be_at_blockstone_road() in C:\Dev\CodeBase\CQRSEventSourcingSample\Sample.Specifications\AggregateRootTestFixture.cs:line 121
]]></stack-trace>
                        </failure>
                      </test-case>
                    </results>
                  </test-suite>
                </results>
              </test-suite>
            </results>
          </test-suite>
        </results>
      </test-suite>
    </results>
  </test-suite>
</test-results>